<?xml version="1.0" encoding="UTF-8"?>
<testsuite name="dev.slimevr.unit.SkeletonResetTests" tests="3" skipped="0" failures="0" errors="0" timestamp="2026-07-02T06:04:13.374Z" hostname="pradeep-ASUS-TUF" time="0.008">
  <properties/>
  <testcase name="testSkeletonMountReset()" classname="dev.slimevr.unit.SkeletonResetTests" time="0.005"/>
  <testcase name="testSkeletonFullReset()" classname="dev.slimevr.unit.SkeletonResetTests" time="0.002"/>
  <testcase name="testSkeletonYawReset()" classname="dev.slimevr.unit.SkeletonResetTests" time="0.001"/>
  <system-out><![CDATA[]]></system-out>
  <system-err><![CDATA[]]></system-err>
</testsuite>
