<?xml version="1.0" encoding="UTF-8"?>
<testsuite name="dev.slimevr.unit.MountingResetTests" tests="65" skipped="0" failures="0" errors="0" timestamp="2026-07-02T06:04:13.272Z" hostname="pradeep-ASUS-TUF" time="0.062">
  <properties/>
  <testcase name="testYawAfter()" classname="dev.slimevr.unit.MountingResetTests" time="0.004"/>
  <testcase name="Full and Mounting Reset Test of Tracker (Expected: 180.0, reference: 180.0)" classname="dev.slimevr.unit.MountingResetTests" time="0.002"/>
  <testcase name="Full and Mounting Reset Test of Tracker (Expected: 180.0, reference: 134.97177)" classname="dev.slimevr.unit.MountingResetTests" time="0.0"/>
  <testcase name="Full and Mounting Reset Test of Tracker (Expected: 180.0, reference: 90.0)" classname="dev.slimevr.unit.MountingResetTests" time="0.0"/>
  <testcase name="Full and Mounting Reset Test of Tracker (Expected: 180.0, reference: 45.02822)" classname="dev.slimevr.unit.MountingResetTests" time="0.0"/>
  <testcase name="Full and Mounting Reset Test of Tracker (Expected: 180.0, reference: 225.02821)" classname="dev.slimevr.unit.MountingResetTests" time="0.001"/>
  <testcase name="Full and Mounting Reset Test of Tracker (Expected: 180.0, reference: 270.0)" classname="dev.slimevr.unit.MountingResetTests" time="0.0"/>
  <testcase name="Full and Mounting Reset Test of Tracker (Expected: 180.0, reference: 314.97177)" classname="dev.slimevr.unit.MountingResetTests" time="0.0"/>
  <testcase name="Full and Mounting Reset Test of Tracker (Expected: 180.0, reference: 0.0)" classname="dev.slimevr.unit.MountingResetTests" time="0.0"/>
  <testcase name="Full and Mounting Reset Test of Tracker (Expected: 134.97177, reference: 180.0)" classname="dev.slimevr.unit.MountingResetTests" time="0.0"/>
  <testcase name="Full and Mounting Reset Test of Tracker (Expected: 134.97177, reference: 134.97177)" classname="dev.slimevr.unit.MountingResetTests" time="0.001"/>
  <testcase name="Full and Mounting Reset Test of Tracker (Expected: 134.97177, reference: 90.0)" classname="dev.slimevr.unit.MountingResetTests" time="0.0"/>
  <testcase name="Full and Mounting Reset Test of Tracker (Expected: 134.97177, reference: 45.02822)" classname="dev.slimevr.unit.MountingResetTests" time="0.0"/>
  <testcase name="Full and Mounting Reset Test of Tracker (Expected: 134.97177, reference: 225.02821)" classname="dev.slimevr.unit.MountingResetTests" time="0.001"/>
  <testcase name="Full and Mounting Reset Test of Tracker (Expected: 134.97177, reference: 270.0)" classname="dev.slimevr.unit.MountingResetTests" time="0.001"/>
  <testcase name="Full and Mounting Reset Test of Tracker (Expected: 134.97177, reference: 314.97177)" classname="dev.slimevr.unit.MountingResetTests" time="0.001"/>
  <testcase name="Full and Mounting Reset Test of Tracker (Expected: 134.97177, reference: 0.0)" classname="dev.slimevr.unit.MountingResetTests" time="0.001"/>
  <testcase name="Full and Mounting Reset Test of Tracker (Expected: 90.0, reference: 180.0)" classname="dev.slimevr.unit.MountingResetTests" time="0.001"/>
  <testcase name="Full and Mounting Reset Test of Tracker (Expected: 90.0, reference: 134.97177)" classname="dev.slimevr.unit.MountingResetTests" time="0.001"/>
  <testcase name="Full and Mounting Reset Test of Tracker (Expected: 90.0, reference: 90.0)" classname="dev.slimevr.unit.MountingResetTests" time="0.0"/>
  <testcase name="Full and Mounting Reset Test of Tracker (Expected: 90.0, reference: 45.02822)" classname="dev.slimevr.unit.MountingResetTests" time="0.0"/>
  <testcase name="Full and Mounting Reset Test of Tracker (Expected: 90.0, reference: 225.02821)" classname="dev.slimevr.unit.MountingResetTests" time="0.001"/>
  <testcase name="Full and Mounting Reset Test of Tracker (Expected: 90.0, reference: 270.0)" classname="dev.slimevr.unit.MountingResetTests" time="0.001"/>
  <testcase name="Full and Mounting Reset Test of Tracker (Expected: 90.0, reference: 314.97177)" classname="dev.slimevr.unit.MountingResetTests" time="0.0"/>
  <testcase name="Full and Mounting Reset Test of Tracker (Expected: 90.0, reference: 0.0)" classname="dev.slimevr.unit.MountingResetTests" time="0.001"/>
  <testcase name="Full and Mounting Reset Test of Tracker (Expected: 45.02822, reference: 180.0)" classname="dev.slimevr.unit.MountingResetTests" time="0.001"/>
  <testcase name="Full and Mounting Reset Test of Tracker (Expected: 45.02822, reference: 134.97177)" classname="dev.slimevr.unit.MountingResetTests" time="0.0"/>
  <testcase name="Full and Mounting Reset Test of Tracker (Expected: 45.02822, reference: 90.0)" classname="dev.slimevr.unit.MountingResetTests" time="0.001"/>
  <testcase name="Full and Mounting Reset Test of Tracker (Expected: 45.02822, reference: 45.02822)" classname="dev.slimevr.unit.MountingResetTests" time="0.0"/>
  <testcase name="Full and Mounting Reset Test of Tracker (Expected: 45.02822, reference: 225.02821)" classname="dev.slimevr.unit.MountingResetTests" time="0.0"/>
  <testcase name="Full and Mounting Reset Test of Tracker (Expected: 45.02822, reference: 270.0)" classname="dev.slimevr.unit.MountingResetTests" time="0.0"/>
  <testcase name="Full and Mounting Reset Test of Tracker (Expected: 45.02822, reference: 314.97177)" classname="dev.slimevr.unit.MountingResetTests" time="0.001"/>
  <testcase name="Full and Mounting Reset Test of Tracker (Expected: 45.02822, reference: 0.0)" classname="dev.slimevr.unit.MountingResetTests" time="0.0"/>
  <testcase name="Full and Mounting Reset Test of Tracker (Expected: 225.02821, reference: 180.0)" classname="dev.slimevr.unit.MountingResetTests" time="0.0"/>
  <testcase name="Full and Mounting Reset Test of Tracker (Expected: 225.02821, reference: 134.97177)" classname="dev.slimevr.unit.MountingResetTests" time="0.001"/>
  <testcase name="Full and Mounting Reset Test of Tracker (Expected: 225.02821, reference: 90.0)" classname="dev.slimevr.unit.MountingResetTests" time="0.0"/>
  <testcase name="Full and Mounting Reset Test of Tracker (Expected: 225.02821, reference: 45.02822)" classname="dev.slimevr.unit.MountingResetTests" time="0.001"/>
  <testcase name="Full and Mounting Reset Test of Tracker (Expected: 225.02821, reference: 225.02821)" classname="dev.slimevr.unit.MountingResetTests" time="0.0"/>
  <testcase name="Full and Mounting Reset Test of Tracker (Expected: 225.02821, reference: 270.0)" classname="dev.slimevr.unit.MountingResetTests" time="0.0"/>
  <testcase name="Full and Mounting Reset Test of Tracker (Expected: 225.02821, reference: 314.97177)" classname="dev.slimevr.unit.MountingResetTests" time="0.001"/>
  <testcase name="Full and Mounting Reset Test of Tracker (Expected: 225.02821, reference: 0.0)" classname="dev.slimevr.unit.MountingResetTests" time="0.0"/>
  <testcase name="Full and Mounting Reset Test of Tracker (Expected: 270.0, reference: 180.0)" classname="dev.slimevr.unit.MountingResetTests" time="0.0"/>
  <testcase name="Full and Mounting Reset Test of Tracker (Expected: 270.0, reference: 134.97177)" classname="dev.slimevr.unit.MountingResetTests" time="0.0"/>
  <testcase name="Full and Mounting Reset Test of Tracker (Expected: 270.0, reference: 90.0)" classname="dev.slimevr.unit.MountingResetTests" time="0.0"/>
  <testcase name="Full and Mounting Reset Test of Tracker (Expected: 270.0, reference: 45.02822)" classname="dev.slimevr.unit.MountingResetTests" time="0.001"/>
  <testcase name="Full and Mounting Reset Test of Tracker (Expected: 270.0, reference: 225.02821)" classname="dev.slimevr.unit.MountingResetTests" time="0.0"/>
  <testcase name="Full and Mounting Reset Test of Tracker (Expected: 270.0, reference: 270.0)" classname="dev.slimevr.unit.MountingResetTests" time="0.0"/>
  <testcase name="Full and Mounting Reset Test of Tracker (Expected: 270.0, reference: 314.97177)" classname="dev.slimevr.unit.MountingResetTests" time="0.0"/>
  <testcase name="Full and Mounting Reset Test of Tracker (Expected: 270.0, reference: 0.0)" classname="dev.slimevr.unit.MountingResetTests" time="0.001"/>
  <testcase name="Full and Mounting Reset Test of Tracker (Expected: 314.97177, reference: 180.0)" classname="dev.slimevr.unit.MountingResetTests" time="0.0"/>
  <testcase name="Full and Mounting Reset Test of Tracker (Expected: 314.97177, reference: 134.97177)" classname="dev.slimevr.unit.MountingResetTests" time="0.0"/>
  <testcase name="Full and Mounting Reset Test of Tracker (Expected: 314.97177, reference: 90.0)" classname="dev.slimevr.unit.MountingResetTests" time="0.001"/>
  <testcase name="Full and Mounting Reset Test of Tracker (Expected: 314.97177, reference: 45.02822)" classname="dev.slimevr.unit.MountingResetTests" time="0.001"/>
  <testcase name="Full and Mounting Reset Test of Tracker (Expected: 314.97177, reference: 225.02821)" classname="dev.slimevr.unit.MountingResetTests" time="0.0"/>
  <testcase name="Full and Mounting Reset Test of Tracker (Expected: 314.97177, reference: 270.0)" classname="dev.slimevr.unit.MountingResetTests" time="0.0"/>
  <testcase name="Full and Mounting Reset Test of Tracker (Expected: 314.97177, reference: 314.97177)" classname="dev.slimevr.unit.MountingResetTests" time="0.001"/>
  <testcase name="Full and Mounting Reset Test of Tracker (Expected: 314.97177, reference: 0.0)" classname="dev.slimevr.unit.MountingResetTests" time="0.0"/>
  <testcase name="Full and Mounting Reset Test of Tracker (Expected: 0.0, reference: 180.0)" classname="dev.slimevr.unit.MountingResetTests" time="0.0"/>
  <testcase name="Full and Mounting Reset Test of Tracker (Expected: 0.0, reference: 134.97177)" classname="dev.slimevr.unit.MountingResetTests" time="0.0"/>
  <testcase name="Full and Mounting Reset Test of Tracker (Expected: 0.0, reference: 90.0)" classname="dev.slimevr.unit.MountingResetTests" time="0.0"/>
  <testcase name="Full and Mounting Reset Test of Tracker (Expected: 0.0, reference: 45.02822)" classname="dev.slimevr.unit.MountingResetTests" time="0.0"/>
  <testcase name="Full and Mounting Reset Test of Tracker (Expected: 0.0, reference: 225.02821)" classname="dev.slimevr.unit.MountingResetTests" time="0.0"/>
  <testcase name="Full and Mounting Reset Test of Tracker (Expected: 0.0, reference: 270.0)" classname="dev.slimevr.unit.MountingResetTests" time="0.0"/>
  <testcase name="Full and Mounting Reset Test of Tracker (Expected: 0.0, reference: 314.97177)" classname="dev.slimevr.unit.MountingResetTests" time="0.0"/>
  <testcase name="Full and Mounting Reset Test of Tracker (Expected: 0.0, reference: 0.0)" classname="dev.slimevr.unit.MountingResetTests" time="0.0"/>
  <system-out><![CDATA[]]></system-out>
  <system-err><![CDATA[]]></system-err>
</testsuite>
