<?xml version="1.0" encoding="UTF-8"?>
<testsuite name="dev.slimevr.unit.TwinExtendedBackTests" tests="360" skipped="0" failures="0" errors="0" timestamp="2026-07-02T06:04:13.388Z" hostname="pradeep-ASUS-TUF" time="0.073">
  <properties/>
  <testcase name="Dot product test for negative signs &lt;AngleTest(pitch=-269.0, sign=-1.0)&gt;" classname="dev.slimevr.unit.TwinExtendedBackTests" time="0.001"/>
  <testcase name="Dot product test for negative signs &lt;AngleTest(pitch=-268.0, sign=-1.0)&gt;" classname="dev.slimevr.unit.TwinExtendedBackTests" time="0.0"/>
  <testcase name="Dot product test for negative signs &lt;AngleTest(pitch=-267.0, sign=-1.0)&gt;" classname="dev.slimevr.unit.TwinExtendedBackTests" time="0.0"/>
  <testcase name="Dot product test for negative signs &lt;AngleTest(pitch=-266.0, sign=-1.0)&gt;" classname="dev.slimevr.unit.TwinExtendedBackTests" time="0.001"/>
  <testcase name="Dot product test for negative signs &lt;AngleTest(pitch=-265.0, sign=-1.0)&gt;" classname="dev.slimevr.unit.TwinExtendedBackTests" time="0.0"/>
  <testcase name="Dot product test for negative signs &lt;AngleTest(pitch=-264.0, sign=-1.0)&gt;" classname="dev.slimevr.unit.TwinExtendedBackTests" time="0.0"/>
  <testcase name="Dot product test for negative signs &lt;AngleTest(pitch=-263.0, sign=-1.0)&gt;" classname="dev.slimevr.unit.TwinExtendedBackTests" time="0.0"/>
  <testcase name="Dot product test for negative signs &lt;AngleTest(pitch=-262.0, sign=-1.0)&gt;" classname="dev.slimevr.unit.TwinExtendedBackTests" time="0.0"/>
  <testcase name="Dot product test for negative signs &lt;AngleTest(pitch=-261.0, sign=-1.0)&gt;" classname="dev.slimevr.unit.TwinExtendedBackTests" time="0.001"/>
  <testcase name="Dot product test for negative signs &lt;AngleTest(pitch=-260.0, sign=-1.0)&gt;" classname="dev.slimevr.unit.TwinExtendedBackTests" time="0.0"/>
  <testcase name="Dot product test for negative signs &lt;AngleTest(pitch=-259.0, sign=-1.0)&gt;" classname="dev.slimevr.unit.TwinExtendedBackTests" time="0.0"/>
  <testcase name="Dot product test for negative signs &lt;AngleTest(pitch=-258.0, sign=-1.0)&gt;" classname="dev.slimevr.unit.TwinExtendedBackTests" time="0.0"/>
  <testcase name="Dot product test for negative signs &lt;AngleTest(pitch=-257.0, sign=-1.0)&gt;" classname="dev.slimevr.unit.TwinExtendedBackTests" time="0.0"/>
  <testcase name="Dot product test for negative signs &lt;AngleTest(pitch=-256.0, sign=-1.0)&gt;" classname="dev.slimevr.unit.TwinExtendedBackTests" time="0.0"/>
  <testcase name="Dot product test for negative signs &lt;AngleTest(pitch=-255.0, sign=-1.0)&gt;" classname="dev.slimevr.unit.TwinExtendedBackTests" time="0.0"/>
  <testcase name="Dot product test for negative signs &lt;AngleTest(pitch=-254.0, sign=-1.0)&gt;" classname="dev.slimevr.unit.TwinExtendedBackTests" time="0.0"/>
  <testcase name="Dot product test for negative signs &lt;AngleTest(pitch=-253.0, sign=-1.0)&gt;" classname="dev.slimevr.unit.TwinExtendedBackTests" time="0.0"/>
  <testcase name="Dot product test for negative signs &lt;AngleTest(pitch=-252.0, sign=-1.0)&gt;" classname="dev.slimevr.unit.TwinExtendedBackTests" time="0.0"/>
  <testcase name="Dot product test for negative signs &lt;AngleTest(pitch=-251.0, sign=-1.0)&gt;" classname="dev.slimevr.unit.TwinExtendedBackTests" time="0.0"/>
  <testcase name="Dot product test for negative signs &lt;AngleTest(pitch=-250.0, sign=-1.0)&gt;" classname="dev.slimevr.unit.TwinExtendedBackTests" time="0.0"/>
  <testcase name="Dot product test for negative signs &lt;AngleTest(pitch=-249.0, sign=-1.0)&gt;" classname="dev.slimevr.unit.TwinExtendedBackTests" time="0.0"/>
  <testcase name="Dot product test for negative signs &lt;AngleTest(pitch=-248.0, sign=-1.0)&gt;" classname="dev.slimevr.unit.TwinExtendedBackTests" time="0.0"/>
  <testcase name="Dot product test for negative signs &lt;AngleTest(pitch=-247.0, sign=-1.0)&gt;" classname="dev.slimevr.unit.TwinExtendedBackTests" time="0.0"/>
  <testcase name="Dot product test for negative signs &lt;AngleTest(pitch=-246.0, sign=-1.0)&gt;" classname="dev.slimevr.unit.TwinExtendedBackTests" time="0.0"/>
  <testcase name="Dot product test for negative signs &lt;AngleTest(pitch=-245.0, sign=-1.0)&gt;" classname="dev.slimevr.unit.TwinExtendedBackTests" time="0.0"/>
  <testcase name="Dot product test for negative signs &lt;AngleTest(pitch=-244.0, sign=-1.0)&gt;" classname="dev.slimevr.unit.TwinExtendedBackTests" time="0.0"/>
  <testcase name="Dot product test for negative signs &lt;AngleTest(pitch=-243.0, sign=-1.0)&gt;" classname="dev.slimevr.unit.TwinExtendedBackTests" time="0.0"/>
  <testcase name="Dot product test for negative signs &lt;AngleTest(pitch=-242.0, sign=-1.0)&gt;" classname="dev.slimevr.unit.TwinExtendedBackTests" time="0.0"/>
  <testcase name="Dot product test for negative signs &lt;AngleTest(pitch=-241.0, sign=-1.0)&gt;" classname="dev.slimevr.unit.TwinExtendedBackTests" time="0.0"/>
  <testcase name="Dot product test for negative signs &lt;AngleTest(pitch=-240.0, sign=-1.0)&gt;" classname="dev.slimevr.unit.TwinExtendedBackTests" time="0.001"/>
  <testcase name="Dot product test for negative signs &lt;AngleTest(pitch=-239.0, sign=-1.0)&gt;" classname="dev.slimevr.unit.TwinExtendedBackTests" time="0.0"/>
  <testcase name="Dot product test for negative signs &lt;AngleTest(pitch=-238.0, sign=-1.0)&gt;" classname="dev.slimevr.unit.TwinExtendedBackTests" time="0.0"/>
  <testcase name="Dot product test for negative signs &lt;AngleTest(pitch=-237.0, sign=-1.0)&gt;" classname="dev.slimevr.unit.TwinExtendedBackTests" time="0.0"/>
  <testcase name="Dot product test for negative signs &lt;AngleTest(pitch=-236.0, sign=-1.0)&gt;" classname="dev.slimevr.unit.TwinExtendedBackTests" time="0.0"/>
  <testcase name="Dot product test for negative signs &lt;AngleTest(pitch=-235.0, sign=-1.0)&gt;" classname="dev.slimevr.unit.TwinExtendedBackTests" time="0.0"/>
  <testcase name="Dot product test for negative signs &lt;AngleTest(pitch=-234.0, sign=-1.0)&gt;" classname="dev.slimevr.unit.TwinExtendedBackTests" time="0.0"/>
  <testcase name="Dot product test for negative signs &lt;AngleTest(pitch=-233.0, sign=-1.0)&gt;" classname="dev.slimevr.unit.TwinExtendedBackTests" time="0.0"/>
  <testcase name="Dot product test for negative signs &lt;AngleTest(pitch=-232.0, sign=-1.0)&gt;" classname="dev.slimevr.unit.TwinExtendedBackTests" time="0.0"/>
  <testcase name="Dot product test for negative signs &lt;AngleTest(pitch=-231.0, sign=-1.0)&gt;" classname="dev.slimevr.unit.TwinExtendedBackTests" time="0.0"/>
  <testcase name="Dot product test for negative signs &lt;AngleTest(pitch=-230.0, sign=-1.0)&gt;" classname="dev.slimevr.unit.TwinExtendedBackTests" time="0.0"/>
  <testcase name="Dot product test for negative signs &lt;AngleTest(pitch=-229.0, sign=-1.0)&gt;" classname="dev.slimevr.unit.TwinExtendedBackTests" time="0.0"/>
  <testcase name="Dot product test for negative signs &lt;AngleTest(pitch=-228.0, sign=-1.0)&gt;" classname="dev.slimevr.unit.TwinExtendedBackTests" time="0.0"/>
  <testcase name="Dot product test for negative signs &lt;AngleTest(pitch=-227.0, sign=-1.0)&gt;" classname="dev.slimevr.unit.TwinExtendedBackTests" time="0.0"/>
  <testcase name="Dot product test for negative signs &lt;AngleTest(pitch=-226.0, sign=-1.0)&gt;" classname="dev.slimevr.unit.TwinExtendedBackTests" time="0.0"/>
  <testcase name="Dot product test for negative signs &lt;AngleTest(pitch=-225.0, sign=-1.0)&gt;" classname="dev.slimevr.unit.TwinExtendedBackTests" time="0.0"/>
  <testcase name="Dot product test for negative signs &lt;AngleTest(pitch=-224.0, sign=-1.0)&gt;" classname="dev.slimevr.unit.TwinExtendedBackTests" time="0.0"/>
  <testcase name="Dot product test for negative signs &lt;AngleTest(pitch=-223.0, sign=-1.0)&gt;" classname="dev.slimevr.unit.TwinExtendedBackTests" time="0.0"/>
  <testcase name="Dot product test for negative signs &lt;AngleTest(pitch=-222.0, sign=-1.0)&gt;" classname="dev.slimevr.unit.TwinExtendedBackTests" time="0.0"/>
  <testcase name="Dot product test for negative signs &lt;AngleTest(pitch=-221.0, sign=-1.0)&gt;" classname="dev.slimevr.unit.TwinExtendedBackTests" time="0.0"/>
  <testcase name="Dot product test for negative signs &lt;AngleTest(pitch=-220.0, sign=-1.0)&gt;" classname="dev.slimevr.unit.TwinExtendedBackTests" time="0.0"/>
  <testcase name="Dot product test for negative signs &lt;AngleTest(pitch=-219.0, sign=-1.0)&gt;" classname="dev.slimevr.unit.TwinExtendedBackTests" time="0.0"/>
  <testcase name="Dot product test for negative signs &lt;AngleTest(pitch=-218.0, sign=-1.0)&gt;" classname="dev.slimevr.unit.TwinExtendedBackTests" time="0.0"/>
  <testcase name="Dot product test for negative signs &lt;AngleTest(pitch=-217.0, sign=-1.0)&gt;" classname="dev.slimevr.unit.TwinExtendedBackTests" time="0.0"/>
  <testcase name="Dot product test for negative signs &lt;AngleTest(pitch=-216.0, sign=-1.0)&gt;" classname="dev.slimevr.unit.TwinExtendedBackTests" time="0.0"/>
  <testcase name="Dot product test for negative signs &lt;AngleTest(pitch=-215.0, sign=-1.0)&gt;" classname="dev.slimevr.unit.TwinExtendedBackTests" time="0.0"/>
  <testcase name="Dot product test for negative signs &lt;AngleTest(pitch=-214.0, sign=-1.0)&gt;" classname="dev.slimevr.unit.TwinExtendedBackTests" time="0.0"/>
  <testcase name="Dot product test for negative signs &lt;AngleTest(pitch=-213.0, sign=-1.0)&gt;" classname="dev.slimevr.unit.TwinExtendedBackTests" time="0.0"/>
  <testcase name="Dot product test for negative signs &lt;AngleTest(pitch=-212.0, sign=-1.0)&gt;" classname="dev.slimevr.unit.TwinExtendedBackTests" time="0.0"/>
  <testcase name="Dot product test for negative signs &lt;AngleTest(pitch=-211.0, sign=-1.0)&gt;" classname="dev.slimevr.unit.TwinExtendedBackTests" time="0.0"/>
  <testcase name="Dot product test for negative signs &lt;AngleTest(pitch=-210.0, sign=-1.0)&gt;" classname="dev.slimevr.unit.TwinExtendedBackTests" time="0.001"/>
  <testcase name="Dot product test for negative signs &lt;AngleTest(pitch=-209.0, sign=-1.0)&gt;" classname="dev.slimevr.unit.TwinExtendedBackTests" time="0.0"/>
  <testcase name="Dot product test for negative signs &lt;AngleTest(pitch=-208.0, sign=-1.0)&gt;" classname="dev.slimevr.unit.TwinExtendedBackTests" time="0.0"/>
  <testcase name="Dot product test for negative signs &lt;AngleTest(pitch=-207.0, sign=-1.0)&gt;" classname="dev.slimevr.unit.TwinExtendedBackTests" time="0.0"/>
  <testcase name="Dot product test for negative signs &lt;AngleTest(pitch=-206.0, sign=-1.0)&gt;" classname="dev.slimevr.unit.TwinExtendedBackTests" time="0.0"/>
  <testcase name="Dot product test for negative signs &lt;AngleTest(pitch=-205.0, sign=-1.0)&gt;" classname="dev.slimevr.unit.TwinExtendedBackTests" time="0.0"/>
  <testcase name="Dot product test for negative signs &lt;AngleTest(pitch=-204.0, sign=-1.0)&gt;" classname="dev.slimevr.unit.TwinExtendedBackTests" time="0.0"/>
  <testcase name="Dot product test for negative signs &lt;AngleTest(pitch=-203.0, sign=-1.0)&gt;" classname="dev.slimevr.unit.TwinExtendedBackTests" time="0.0"/>
  <testcase name="Dot product test for negative signs &lt;AngleTest(pitch=-202.0, sign=-1.0)&gt;" classname="dev.slimevr.unit.TwinExtendedBackTests" time="0.0"/>
  <testcase name="Dot product test for negative signs &lt;AngleTest(pitch=-201.0, sign=-1.0)&gt;" classname="dev.slimevr.unit.TwinExtendedBackTests" time="0.001"/>
  <testcase name="Dot product test for negative signs &lt;AngleTest(pitch=-200.0, sign=-1.0)&gt;" classname="dev.slimevr.unit.TwinExtendedBackTests" time="0.0"/>
  <testcase name="Dot product test for negative signs &lt;AngleTest(pitch=-199.0, sign=-1.0)&gt;" classname="dev.slimevr.unit.TwinExtendedBackTests" time="0.0"/>
  <testcase name="Dot product test for negative signs &lt;AngleTest(pitch=-198.0, sign=-1.0)&gt;" classname="dev.slimevr.unit.TwinExtendedBackTests" time="0.0"/>
  <testcase name="Dot product test for negative signs &lt;AngleTest(pitch=-197.0, sign=-1.0)&gt;" classname="dev.slimevr.unit.TwinExtendedBackTests" time="0.0"/>
  <testcase name="Dot product test for negative signs &lt;AngleTest(pitch=-196.0, sign=-1.0)&gt;" classname="dev.slimevr.unit.TwinExtendedBackTests" time="0.0"/>
  <testcase name="Dot product test for negative signs &lt;AngleTest(pitch=-195.0, sign=-1.0)&gt;" classname="dev.slimevr.unit.TwinExtendedBackTests" time="0.0"/>
  <testcase name="Dot product test for negative signs &lt;AngleTest(pitch=-194.0, sign=-1.0)&gt;" classname="dev.slimevr.unit.TwinExtendedBackTests" time="0.0"/>
  <testcase name="Dot product test for negative signs &lt;AngleTest(pitch=-193.0, sign=-1.0)&gt;" classname="dev.slimevr.unit.TwinExtendedBackTests" time="0.0"/>
  <testcase name="Dot product test for negative signs &lt;AngleTest(pitch=-192.0, sign=-1.0)&gt;" classname="dev.slimevr.unit.TwinExtendedBackTests" time="0.0"/>
  <testcase name="Dot product test for negative signs &lt;AngleTest(pitch=-191.0, sign=-1.0)&gt;" classname="dev.slimevr.unit.TwinExtendedBackTests" time="0.0"/>
  <testcase name="Dot product test for negative signs &lt;AngleTest(pitch=-190.0, sign=-1.0)&gt;" classname="dev.slimevr.unit.TwinExtendedBackTests" time="0.0"/>
  <testcase name="Dot product test for negative signs &lt;AngleTest(pitch=-189.0, sign=-1.0)&gt;" classname="dev.slimevr.unit.TwinExtendedBackTests" time="0.0"/>
  <testcase name="Dot product test for negative signs &lt;AngleTest(pitch=-188.0, sign=-1.0)&gt;" classname="dev.slimevr.unit.TwinExtendedBackTests" time="0.0"/>
  <testcase name="Dot product test for negative signs &lt;AngleTest(pitch=-187.0, sign=-1.0)&gt;" classname="dev.slimevr.unit.TwinExtendedBackTests" time="0.0"/>
  <testcase name="Dot product test for negative signs &lt;AngleTest(pitch=-186.0, sign=-1.0)&gt;" classname="dev.slimevr.unit.TwinExtendedBackTests" time="0.0"/>
  <testcase name="Dot product test for negative signs &lt;AngleTest(pitch=-185.0, sign=-1.0)&gt;" classname="dev.slimevr.unit.TwinExtendedBackTests" time="0.0"/>
  <testcase name="Dot product test for negative signs &lt;AngleTest(pitch=-184.0, sign=-1.0)&gt;" classname="dev.slimevr.unit.TwinExtendedBackTests" time="0.0"/>
  <testcase name="Dot product test for negative signs &lt;AngleTest(pitch=-183.0, sign=-1.0)&gt;" classname="dev.slimevr.unit.TwinExtendedBackTests" time="0.0"/>
  <testcase name="Dot product test for negative signs &lt;AngleTest(pitch=-182.0, sign=-1.0)&gt;" classname="dev.slimevr.unit.TwinExtendedBackTests" time="0.0"/>
  <testcase name="Dot product test for negative signs &lt;AngleTest(pitch=-181.0, sign=-1.0)&gt;" classname="dev.slimevr.unit.TwinExtendedBackTests" time="0.0"/>
  <testcase name="Dot product test for negative signs &lt;AngleTest(pitch=-180.0, sign=-1.0)&gt;" classname="dev.slimevr.unit.TwinExtendedBackTests" time="0.0"/>
  <testcase name="Dot product test for positive signs &lt;AngleTest(pitch=-179.0, sign=1.0)&gt;" classname="dev.slimevr.unit.TwinExtendedBackTests" time="0.0"/>
  <testcase name="Dot product test for positive signs &lt;AngleTest(pitch=-178.0, sign=1.0)&gt;" classname="dev.slimevr.unit.TwinExtendedBackTests" time="0.0"/>
  <testcase name="Dot product test for positive signs &lt;AngleTest(pitch=-177.0, sign=1.0)&gt;" classname="dev.slimevr.unit.TwinExtendedBackTests" time="0.0"/>
  <testcase name="Dot product test for positive signs &lt;AngleTest(pitch=-176.0, sign=1.0)&gt;" classname="dev.slimevr.unit.TwinExtendedBackTests" time="0.001"/>
  <testcase name="Dot product test for positive signs &lt;AngleTest(pitch=-175.0, sign=1.0)&gt;" classname="dev.slimevr.unit.TwinExtendedBackTests" time="0.0"/>
  <testcase name="Dot product test for positive signs &lt;AngleTest(pitch=-174.0, sign=1.0)&gt;" classname="dev.slimevr.unit.TwinExtendedBackTests" time="0.0"/>
  <testcase name="Dot product test for positive signs &lt;AngleTest(pitch=-173.0, sign=1.0)&gt;" classname="dev.slimevr.unit.TwinExtendedBackTests" time="0.0"/>
  <testcase name="Dot product test for positive signs &lt;AngleTest(pitch=-172.0, sign=1.0)&gt;" classname="dev.slimevr.unit.TwinExtendedBackTests" time="0.0"/>
  <testcase name="Dot product test for positive signs &lt;AngleTest(pitch=-171.0, sign=1.0)&gt;" classname="dev.slimevr.unit.TwinExtendedBackTests" time="0.0"/>
  <testcase name="Dot product test for positive signs &lt;AngleTest(pitch=-170.0, sign=1.0)&gt;" classname="dev.slimevr.unit.TwinExtendedBackTests" time="0.0"/>
  <testcase name="Dot product test for positive signs &lt;AngleTest(pitch=-169.0, sign=1.0)&gt;" classname="dev.slimevr.unit.TwinExtendedBackTests" time="0.0"/>
  <testcase name="Dot product test for positive signs &lt;AngleTest(pitch=-168.0, sign=1.0)&gt;" classname="dev.slimevr.unit.TwinExtendedBackTests" time="0.0"/>
  <testcase name="Dot product test for positive signs &lt;AngleTest(pitch=-167.0, sign=1.0)&gt;" classname="dev.slimevr.unit.TwinExtendedBackTests" time="0.0"/>
  <testcase name="Dot product test for positive signs &lt;AngleTest(pitch=-166.0, sign=1.0)&gt;" classname="dev.slimevr.unit.TwinExtendedBackTests" time="0.0"/>
  <testcase name="Dot product test for positive signs &lt;AngleTest(pitch=-165.0, sign=1.0)&gt;" classname="dev.slimevr.unit.TwinExtendedBackTests" time="0.0"/>
  <testcase name="Dot product test for positive signs &lt;AngleTest(pitch=-164.0, sign=1.0)&gt;" classname="dev.slimevr.unit.TwinExtendedBackTests" time="0.0"/>
  <testcase name="Dot product test for positive signs &lt;AngleTest(pitch=-163.0, sign=1.0)&gt;" classname="dev.slimevr.unit.TwinExtendedBackTests" time="0.0"/>
  <testcase name="Dot product test for positive signs &lt;AngleTest(pitch=-162.0, sign=1.0)&gt;" classname="dev.slimevr.unit.TwinExtendedBackTests" time="0.0"/>
  <testcase name="Dot product test for positive signs &lt;AngleTest(pitch=-161.0, sign=1.0)&gt;" classname="dev.slimevr.unit.TwinExtendedBackTests" time="0.0"/>
  <testcase name="Dot product test for positive signs &lt;AngleTest(pitch=-160.0, sign=1.0)&gt;" classname="dev.slimevr.unit.TwinExtendedBackTests" time="0.0"/>
  <testcase name="Dot product test for positive signs &lt;AngleTest(pitch=-159.0, sign=1.0)&gt;" classname="dev.slimevr.unit.TwinExtendedBackTests" time="0.0"/>
  <testcase name="Dot product test for positive signs &lt;AngleTest(pitch=-158.0, sign=1.0)&gt;" classname="dev.slimevr.unit.TwinExtendedBackTests" time="0.0"/>
  <testcase name="Dot product test for positive signs &lt;AngleTest(pitch=-157.0, sign=1.0)&gt;" classname="dev.slimevr.unit.TwinExtendedBackTests" time="0.0"/>
  <testcase name="Dot product test for positive signs &lt;AngleTest(pitch=-156.0, sign=1.0)&gt;" classname="dev.slimevr.unit.TwinExtendedBackTests" time="0.0"/>
  <testcase name="Dot product test for positive signs &lt;AngleTest(pitch=-155.0, sign=1.0)&gt;" classname="dev.slimevr.unit.TwinExtendedBackTests" time="0.0"/>
  <testcase name="Dot product test for positive signs &lt;AngleTest(pitch=-154.0, sign=1.0)&gt;" classname="dev.slimevr.unit.TwinExtendedBackTests" time="0.0"/>
  <testcase name="Dot product test for positive signs &lt;AngleTest(pitch=-153.0, sign=1.0)&gt;" classname="dev.slimevr.unit.TwinExtendedBackTests" time="0.0"/>
  <testcase name="Dot product test for positive signs &lt;AngleTest(pitch=-152.0, sign=1.0)&gt;" classname="dev.slimevr.unit.TwinExtendedBackTests" time="0.0"/>
  <testcase name="Dot product test for positive signs &lt;AngleTest(pitch=-151.0, sign=1.0)&gt;" classname="dev.slimevr.unit.TwinExtendedBackTests" time="0.0"/>
  <testcase name="Dot product test for positive signs &lt;AngleTest(pitch=-150.0, sign=1.0)&gt;" classname="dev.slimevr.unit.TwinExtendedBackTests" time="0.0"/>
  <testcase name="Dot product test for positive signs &lt;AngleTest(pitch=-149.0, sign=1.0)&gt;" classname="dev.slimevr.unit.TwinExtendedBackTests" time="0.0"/>
  <testcase name="Dot product test for positive signs &lt;AngleTest(pitch=-148.0, sign=1.0)&gt;" classname="dev.slimevr.unit.TwinExtendedBackTests" time="0.0"/>
  <testcase name="Dot product test for positive signs &lt;AngleTest(pitch=-147.0, sign=1.0)&gt;" classname="dev.slimevr.unit.TwinExtendedBackTests" time="0.0"/>
  <testcase name="Dot product test for positive signs &lt;AngleTest(pitch=-146.0, sign=1.0)&gt;" classname="dev.slimevr.unit.TwinExtendedBackTests" time="0.0"/>
  <testcase name="Dot product test for positive signs &lt;AngleTest(pitch=-145.0, sign=1.0)&gt;" classname="dev.slimevr.unit.TwinExtendedBackTests" time="0.0"/>
  <testcase name="Dot product test for positive signs &lt;AngleTest(pitch=-144.0, sign=1.0)&gt;" classname="dev.slimevr.unit.TwinExtendedBackTests" time="0.001"/>
  <testcase name="Dot product test for positive signs &lt;AngleTest(pitch=-143.0, sign=1.0)&gt;" classname="dev.slimevr.unit.TwinExtendedBackTests" time="0.0"/>
  <testcase name="Dot product test for positive signs &lt;AngleTest(pitch=-142.0, sign=1.0)&gt;" classname="dev.slimevr.unit.TwinExtendedBackTests" time="0.0"/>
  <testcase name="Dot product test for positive signs &lt;AngleTest(pitch=-141.0, sign=1.0)&gt;" classname="dev.slimevr.unit.TwinExtendedBackTests" time="0.0"/>
  <testcase name="Dot product test for positive signs &lt;AngleTest(pitch=-140.0, sign=1.0)&gt;" classname="dev.slimevr.unit.TwinExtendedBackTests" time="0.0"/>
  <testcase name="Dot product test for positive signs &lt;AngleTest(pitch=-139.0, sign=1.0)&gt;" classname="dev.slimevr.unit.TwinExtendedBackTests" time="0.0"/>
  <testcase name="Dot product test for positive signs &lt;AngleTest(pitch=-138.0, sign=1.0)&gt;" classname="dev.slimevr.unit.TwinExtendedBackTests" time="0.001"/>
  <testcase name="Dot product test for positive signs &lt;AngleTest(pitch=-137.0, sign=1.0)&gt;" classname="dev.slimevr.unit.TwinExtendedBackTests" time="0.0"/>
  <testcase name="Dot product test for positive signs &lt;AngleTest(pitch=-136.0, sign=1.0)&gt;" classname="dev.slimevr.unit.TwinExtendedBackTests" time="0.0"/>
  <testcase name="Dot product test for positive signs &lt;AngleTest(pitch=-135.0, sign=1.0)&gt;" classname="dev.slimevr.unit.TwinExtendedBackTests" time="0.0"/>
  <testcase name="Dot product test for positive signs &lt;AngleTest(pitch=-134.0, sign=1.0)&gt;" classname="dev.slimevr.unit.TwinExtendedBackTests" time="0.0"/>
  <testcase name="Dot product test for positive signs &lt;AngleTest(pitch=-133.0, sign=1.0)&gt;" classname="dev.slimevr.unit.TwinExtendedBackTests" time="0.0"/>
  <testcase name="Dot product test for positive signs &lt;AngleTest(pitch=-132.0, sign=1.0)&gt;" classname="dev.slimevr.unit.TwinExtendedBackTests" time="0.0"/>
  <testcase name="Dot product test for positive signs &lt;AngleTest(pitch=-131.0, sign=1.0)&gt;" classname="dev.slimevr.unit.TwinExtendedBackTests" time="0.0"/>
  <testcase name="Dot product test for positive signs &lt;AngleTest(pitch=-130.0, sign=1.0)&gt;" classname="dev.slimevr.unit.TwinExtendedBackTests" time="0.0"/>
  <testcase name="Dot product test for positive signs &lt;AngleTest(pitch=-129.0, sign=1.0)&gt;" classname="dev.slimevr.unit.TwinExtendedBackTests" time="0.0"/>
  <testcase name="Dot product test for positive signs &lt;AngleTest(pitch=-128.0, sign=1.0)&gt;" classname="dev.slimevr.unit.TwinExtendedBackTests" time="0.0"/>
  <testcase name="Dot product test for positive signs &lt;AngleTest(pitch=-127.0, sign=1.0)&gt;" classname="dev.slimevr.unit.TwinExtendedBackTests" time="0.0"/>
  <testcase name="Dot product test for positive signs &lt;AngleTest(pitch=-126.0, sign=1.0)&gt;" classname="dev.slimevr.unit.TwinExtendedBackTests" time="0.0"/>
  <testcase name="Dot product test for positive signs &lt;AngleTest(pitch=-125.0, sign=1.0)&gt;" classname="dev.slimevr.unit.TwinExtendedBackTests" time="0.0"/>
  <testcase name="Dot product test for positive signs &lt;AngleTest(pitch=-124.0, sign=1.0)&gt;" classname="dev.slimevr.unit.TwinExtendedBackTests" time="0.0"/>
  <testcase name="Dot product test for positive signs &lt;AngleTest(pitch=-123.0, sign=1.0)&gt;" classname="dev.slimevr.unit.TwinExtendedBackTests" time="0.0"/>
  <testcase name="Dot product test for positive signs &lt;AngleTest(pitch=-122.0, sign=1.0)&gt;" classname="dev.slimevr.unit.TwinExtendedBackTests" time="0.0"/>
  <testcase name="Dot product test for positive signs &lt;AngleTest(pitch=-121.0, sign=1.0)&gt;" classname="dev.slimevr.unit.TwinExtendedBackTests" time="0.0"/>
  <testcase name="Dot product test for positive signs &lt;AngleTest(pitch=-120.0, sign=1.0)&gt;" classname="dev.slimevr.unit.TwinExtendedBackTests" time="0.001"/>
  <testcase name="Dot product test for positive signs &lt;AngleTest(pitch=-119.0, sign=1.0)&gt;" classname="dev.slimevr.unit.TwinExtendedBackTests" time="0.0"/>
  <testcase name="Dot product test for positive signs &lt;AngleTest(pitch=-118.0, sign=1.0)&gt;" classname="dev.slimevr.unit.TwinExtendedBackTests" time="0.0"/>
  <testcase name="Dot product test for positive signs &lt;AngleTest(pitch=-117.0, sign=1.0)&gt;" classname="dev.slimevr.unit.TwinExtendedBackTests" time="0.0"/>
  <testcase name="Dot product test for positive signs &lt;AngleTest(pitch=-116.0, sign=1.0)&gt;" classname="dev.slimevr.unit.TwinExtendedBackTests" time="0.0"/>
  <testcase name="Dot product test for positive signs &lt;AngleTest(pitch=-115.0, sign=1.0)&gt;" classname="dev.slimevr.unit.TwinExtendedBackTests" time="0.0"/>
  <testcase name="Dot product test for positive signs &lt;AngleTest(pitch=-114.0, sign=1.0)&gt;" classname="dev.slimevr.unit.TwinExtendedBackTests" time="0.0"/>
  <testcase name="Dot product test for positive signs &lt;AngleTest(pitch=-113.0, sign=1.0)&gt;" classname="dev.slimevr.unit.TwinExtendedBackTests" time="0.0"/>
  <testcase name="Dot product test for positive signs &lt;AngleTest(pitch=-112.0, sign=1.0)&gt;" classname="dev.slimevr.unit.TwinExtendedBackTests" time="0.0"/>
  <testcase name="Dot product test for positive signs &lt;AngleTest(pitch=-111.0, sign=1.0)&gt;" classname="dev.slimevr.unit.TwinExtendedBackTests" time="0.0"/>
  <testcase name="Dot product test for positive signs &lt;AngleTest(pitch=-110.0, sign=1.0)&gt;" classname="dev.slimevr.unit.TwinExtendedBackTests" time="0.0"/>
  <testcase name="Dot product test for positive signs &lt;AngleTest(pitch=-109.0, sign=1.0)&gt;" classname="dev.slimevr.unit.TwinExtendedBackTests" time="0.0"/>
  <testcase name="Dot product test for positive signs &lt;AngleTest(pitch=-108.0, sign=1.0)&gt;" classname="dev.slimevr.unit.TwinExtendedBackTests" time="0.0"/>
  <testcase name="Dot product test for positive signs &lt;AngleTest(pitch=-107.0, sign=1.0)&gt;" classname="dev.slimevr.unit.TwinExtendedBackTests" time="0.0"/>
  <testcase name="Dot product test for positive signs &lt;AngleTest(pitch=-106.0, sign=1.0)&gt;" classname="dev.slimevr.unit.TwinExtendedBackTests" time="0.0"/>
  <testcase name="Dot product test for positive signs &lt;AngleTest(pitch=-105.0, sign=1.0)&gt;" classname="dev.slimevr.unit.TwinExtendedBackTests" time="0.0"/>
  <testcase name="Dot product test for positive signs &lt;AngleTest(pitch=-104.0, sign=1.0)&gt;" classname="dev.slimevr.unit.TwinExtendedBackTests" time="0.001"/>
  <testcase name="Dot product test for positive signs &lt;AngleTest(pitch=-103.0, sign=1.0)&gt;" classname="dev.slimevr.unit.TwinExtendedBackTests" time="0.0"/>
  <testcase name="Dot product test for positive signs &lt;AngleTest(pitch=-102.0, sign=1.0)&gt;" classname="dev.slimevr.unit.TwinExtendedBackTests" time="0.0"/>
  <testcase name="Dot product test for positive signs &lt;AngleTest(pitch=-101.0, sign=1.0)&gt;" classname="dev.slimevr.unit.TwinExtendedBackTests" time="0.0"/>
  <testcase name="Dot product test for positive signs &lt;AngleTest(pitch=-100.0, sign=1.0)&gt;" classname="dev.slimevr.unit.TwinExtendedBackTests" time="0.0"/>
  <testcase name="Dot product test for positive signs &lt;AngleTest(pitch=-99.0, sign=1.0)&gt;" classname="dev.slimevr.unit.TwinExtendedBackTests" time="0.0"/>
  <testcase name="Dot product test for positive signs &lt;AngleTest(pitch=-98.0, sign=1.0)&gt;" classname="dev.slimevr.unit.TwinExtendedBackTests" time="0.0"/>
  <testcase name="Dot product test for positive signs &lt;AngleTest(pitch=-97.0, sign=1.0)&gt;" classname="dev.slimevr.unit.TwinExtendedBackTests" time="0.0"/>
  <testcase name="Dot product test for positive signs &lt;AngleTest(pitch=-96.0, sign=1.0)&gt;" classname="dev.slimevr.unit.TwinExtendedBackTests" time="0.0"/>
  <testcase name="Dot product test for positive signs &lt;AngleTest(pitch=-95.0, sign=1.0)&gt;" classname="dev.slimevr.unit.TwinExtendedBackTests" time="0.001"/>
  <testcase name="Dot product test for positive signs &lt;AngleTest(pitch=-94.0, sign=1.0)&gt;" classname="dev.slimevr.unit.TwinExtendedBackTests" time="0.0"/>
  <testcase name="Dot product test for positive signs &lt;AngleTest(pitch=-93.0, sign=1.0)&gt;" classname="dev.slimevr.unit.TwinExtendedBackTests" time="0.0"/>
  <testcase name="Dot product test for positive signs &lt;AngleTest(pitch=-92.0, sign=1.0)&gt;" classname="dev.slimevr.unit.TwinExtendedBackTests" time="0.0"/>
  <testcase name="Dot product test for positive signs &lt;AngleTest(pitch=-91.0, sign=1.0)&gt;" classname="dev.slimevr.unit.TwinExtendedBackTests" time="0.0"/>
  <testcase name="Dot product test for positive signs &lt;AngleTest(pitch=-90.0, sign=1.0)&gt;" classname="dev.slimevr.unit.TwinExtendedBackTests" time="0.0"/>
  <testcase name="Dot product test for positive signs &lt;AngleTest(pitch=-89.0, sign=1.0)&gt;" classname="dev.slimevr.unit.TwinExtendedBackTests" time="0.0"/>
  <testcase name="Dot product test for positive signs &lt;AngleTest(pitch=-88.0, sign=1.0)&gt;" classname="dev.slimevr.unit.TwinExtendedBackTests" time="0.0"/>
  <testcase name="Dot product test for positive signs &lt;AngleTest(pitch=-87.0, sign=1.0)&gt;" classname="dev.slimevr.unit.TwinExtendedBackTests" time="0.0"/>
  <testcase name="Dot product test for positive signs &lt;AngleTest(pitch=-86.0, sign=1.0)&gt;" classname="dev.slimevr.unit.TwinExtendedBackTests" time="0.0"/>
  <testcase name="Dot product test for positive signs &lt;AngleTest(pitch=-85.0, sign=1.0)&gt;" classname="dev.slimevr.unit.TwinExtendedBackTests" time="0.0"/>
  <testcase name="Dot product test for positive signs &lt;AngleTest(pitch=-84.0, sign=1.0)&gt;" classname="dev.slimevr.unit.TwinExtendedBackTests" time="0.0"/>
  <testcase name="Dot product test for positive signs &lt;AngleTest(pitch=-83.0, sign=1.0)&gt;" classname="dev.slimevr.unit.TwinExtendedBackTests" time="0.0"/>
  <testcase name="Dot product test for positive signs &lt;AngleTest(pitch=-82.0, sign=1.0)&gt;" classname="dev.slimevr.unit.TwinExtendedBackTests" time="0.0"/>
  <testcase name="Dot product test for positive signs &lt;AngleTest(pitch=-81.0, sign=1.0)&gt;" classname="dev.slimevr.unit.TwinExtendedBackTests" time="0.001"/>
  <testcase name="Dot product test for positive signs &lt;AngleTest(pitch=-80.0, sign=1.0)&gt;" classname="dev.slimevr.unit.TwinExtendedBackTests" time="0.0"/>
  <testcase name="Dot product test for positive signs &lt;AngleTest(pitch=-79.0, sign=1.0)&gt;" classname="dev.slimevr.unit.TwinExtendedBackTests" time="0.0"/>
  <testcase name="Dot product test for positive signs &lt;AngleTest(pitch=-78.0, sign=1.0)&gt;" classname="dev.slimevr.unit.TwinExtendedBackTests" time="0.0"/>
  <testcase name="Dot product test for positive signs &lt;AngleTest(pitch=-77.0, sign=1.0)&gt;" classname="dev.slimevr.unit.TwinExtendedBackTests" time="0.0"/>
  <testcase name="Dot product test for positive signs &lt;AngleTest(pitch=-76.0, sign=1.0)&gt;" classname="dev.slimevr.unit.TwinExtendedBackTests" time="0.0"/>
  <testcase name="Dot product test for positive signs &lt;AngleTest(pitch=-75.0, sign=1.0)&gt;" classname="dev.slimevr.unit.TwinExtendedBackTests" time="0.0"/>
  <testcase name="Dot product test for positive signs &lt;AngleTest(pitch=-74.0, sign=1.0)&gt;" classname="dev.slimevr.unit.TwinExtendedBackTests" time="0.0"/>
  <testcase name="Dot product test for positive signs &lt;AngleTest(pitch=-73.0, sign=1.0)&gt;" classname="dev.slimevr.unit.TwinExtendedBackTests" time="0.0"/>
  <testcase name="Dot product test for positive signs &lt;AngleTest(pitch=-72.0, sign=1.0)&gt;" classname="dev.slimevr.unit.TwinExtendedBackTests" time="0.0"/>
  <testcase name="Dot product test for positive signs &lt;AngleTest(pitch=-71.0, sign=1.0)&gt;" classname="dev.slimevr.unit.TwinExtendedBackTests" time="0.0"/>
  <testcase name="Dot product test for positive signs &lt;AngleTest(pitch=-70.0, sign=1.0)&gt;" classname="dev.slimevr.unit.TwinExtendedBackTests" time="0.0"/>
  <testcase name="Dot product test for positive signs &lt;AngleTest(pitch=-69.0, sign=1.0)&gt;" classname="dev.slimevr.unit.TwinExtendedBackTests" time="0.0"/>
  <testcase name="Dot product test for positive signs &lt;AngleTest(pitch=-68.0, sign=1.0)&gt;" classname="dev.slimevr.unit.TwinExtendedBackTests" time="0.0"/>
  <testcase name="Dot product test for positive signs &lt;AngleTest(pitch=-67.0, sign=1.0)&gt;" classname="dev.slimevr.unit.TwinExtendedBackTests" time="0.0"/>
  <testcase name="Dot product test for positive signs &lt;AngleTest(pitch=-66.0, sign=1.0)&gt;" classname="dev.slimevr.unit.TwinExtendedBackTests" time="0.0"/>
  <testcase name="Dot product test for positive signs &lt;AngleTest(pitch=-65.0, sign=1.0)&gt;" classname="dev.slimevr.unit.TwinExtendedBackTests" time="0.0"/>
  <testcase name="Dot product test for positive signs &lt;AngleTest(pitch=-64.0, sign=1.0)&gt;" classname="dev.slimevr.unit.TwinExtendedBackTests" time="0.0"/>
  <testcase name="Dot product test for positive signs &lt;AngleTest(pitch=-63.0, sign=1.0)&gt;" classname="dev.slimevr.unit.TwinExtendedBackTests" time="0.0"/>
  <testcase name="Dot product test for positive signs &lt;AngleTest(pitch=-62.0, sign=1.0)&gt;" classname="dev.slimevr.unit.TwinExtendedBackTests" time="0.0"/>
  <testcase name="Dot product test for positive signs &lt;AngleTest(pitch=-61.0, sign=1.0)&gt;" classname="dev.slimevr.unit.TwinExtendedBackTests" time="0.0"/>
  <testcase name="Dot product test for positive signs &lt;AngleTest(pitch=-60.0, sign=1.0)&gt;" classname="dev.slimevr.unit.TwinExtendedBackTests" time="0.0"/>
  <testcase name="Dot product test for positive signs &lt;AngleTest(pitch=-59.0, sign=1.0)&gt;" classname="dev.slimevr.unit.TwinExtendedBackTests" time="0.0"/>
  <testcase name="Dot product test for positive signs &lt;AngleTest(pitch=-58.0, sign=1.0)&gt;" classname="dev.slimevr.unit.TwinExtendedBackTests" time="0.0"/>
  <testcase name="Dot product test for positive signs &lt;AngleTest(pitch=-57.0, sign=1.0)&gt;" classname="dev.slimevr.unit.TwinExtendedBackTests" time="0.0"/>
  <testcase name="Dot product test for positive signs &lt;AngleTest(pitch=-56.0, sign=1.0)&gt;" classname="dev.slimevr.unit.TwinExtendedBackTests" time="0.0"/>
  <testcase name="Dot product test for positive signs &lt;AngleTest(pitch=-55.0, sign=1.0)&gt;" classname="dev.slimevr.unit.TwinExtendedBackTests" time="0.0"/>
  <testcase name="Dot product test for positive signs &lt;AngleTest(pitch=-54.0, sign=1.0)&gt;" classname="dev.slimevr.unit.TwinExtendedBackTests" time="0.001"/>
  <testcase name="Dot product test for positive signs &lt;AngleTest(pitch=-53.0, sign=1.0)&gt;" classname="dev.slimevr.unit.TwinExtendedBackTests" time="0.0"/>
  <testcase name="Dot product test for positive signs &lt;AngleTest(pitch=-52.0, sign=1.0)&gt;" classname="dev.slimevr.unit.TwinExtendedBackTests" time="0.0"/>
  <testcase name="Dot product test for positive signs &lt;AngleTest(pitch=-51.0, sign=1.0)&gt;" classname="dev.slimevr.unit.TwinExtendedBackTests" time="0.0"/>
  <testcase name="Dot product test for positive signs &lt;AngleTest(pitch=-50.0, sign=1.0)&gt;" classname="dev.slimevr.unit.TwinExtendedBackTests" time="0.0"/>
  <testcase name="Dot product test for positive signs &lt;AngleTest(pitch=-49.0, sign=1.0)&gt;" classname="dev.slimevr.unit.TwinExtendedBackTests" time="0.0"/>
  <testcase name="Dot product test for positive signs &lt;AngleTest(pitch=-48.0, sign=1.0)&gt;" classname="dev.slimevr.unit.TwinExtendedBackTests" time="0.001"/>
  <testcase name="Dot product test for positive signs &lt;AngleTest(pitch=-47.0, sign=1.0)&gt;" classname="dev.slimevr.unit.TwinExtendedBackTests" time="0.0"/>
  <testcase name="Dot product test for positive signs &lt;AngleTest(pitch=-46.0, sign=1.0)&gt;" classname="dev.slimevr.unit.TwinExtendedBackTests" time="0.0"/>
  <testcase name="Dot product test for positive signs &lt;AngleTest(pitch=-45.0, sign=1.0)&gt;" classname="dev.slimevr.unit.TwinExtendedBackTests" time="0.0"/>
  <testcase name="Dot product test for positive signs &lt;AngleTest(pitch=-44.0, sign=1.0)&gt;" classname="dev.slimevr.unit.TwinExtendedBackTests" time="0.0"/>
  <testcase name="Dot product test for positive signs &lt;AngleTest(pitch=-43.0, sign=1.0)&gt;" classname="dev.slimevr.unit.TwinExtendedBackTests" time="0.001"/>
  <testcase name="Dot product test for positive signs &lt;AngleTest(pitch=-42.0, sign=1.0)&gt;" classname="dev.slimevr.unit.TwinExtendedBackTests" time="0.0"/>
  <testcase name="Dot product test for positive signs &lt;AngleTest(pitch=-41.0, sign=1.0)&gt;" classname="dev.slimevr.unit.TwinExtendedBackTests" time="0.0"/>
  <testcase name="Dot product test for positive signs &lt;AngleTest(pitch=-40.0, sign=1.0)&gt;" classname="dev.slimevr.unit.TwinExtendedBackTests" time="0.0"/>
  <testcase name="Dot product test for positive signs &lt;AngleTest(pitch=-39.0, sign=1.0)&gt;" classname="dev.slimevr.unit.TwinExtendedBackTests" time="0.0"/>
  <testcase name="Dot product test for positive signs &lt;AngleTest(pitch=-38.0, sign=1.0)&gt;" classname="dev.slimevr.unit.TwinExtendedBackTests" time="0.0"/>
  <testcase name="Dot product test for positive signs &lt;AngleTest(pitch=-37.0, sign=1.0)&gt;" classname="dev.slimevr.unit.TwinExtendedBackTests" time="0.0"/>
  <testcase name="Dot product test for positive signs &lt;AngleTest(pitch=-36.0, sign=1.0)&gt;" classname="dev.slimevr.unit.TwinExtendedBackTests" time="0.0"/>
  <testcase name="Dot product test for positive signs &lt;AngleTest(pitch=-35.0, sign=1.0)&gt;" classname="dev.slimevr.unit.TwinExtendedBackTests" time="0.0"/>
  <testcase name="Dot product test for positive signs &lt;AngleTest(pitch=-34.0, sign=1.0)&gt;" classname="dev.slimevr.unit.TwinExtendedBackTests" time="0.0"/>
  <testcase name="Dot product test for positive signs &lt;AngleTest(pitch=-33.0, sign=1.0)&gt;" classname="dev.slimevr.unit.TwinExtendedBackTests" time="0.0"/>
  <testcase name="Dot product test for positive signs &lt;AngleTest(pitch=-32.0, sign=1.0)&gt;" classname="dev.slimevr.unit.TwinExtendedBackTests" time="0.0"/>
  <testcase name="Dot product test for positive signs &lt;AngleTest(pitch=-31.0, sign=1.0)&gt;" classname="dev.slimevr.unit.TwinExtendedBackTests" time="0.0"/>
  <testcase name="Dot product test for positive signs &lt;AngleTest(pitch=-30.0, sign=1.0)&gt;" classname="dev.slimevr.unit.TwinExtendedBackTests" time="0.0"/>
  <testcase name="Dot product test for positive signs &lt;AngleTest(pitch=-29.0, sign=1.0)&gt;" classname="dev.slimevr.unit.TwinExtendedBackTests" time="0.0"/>
  <testcase name="Dot product test for positive signs &lt;AngleTest(pitch=-28.0, sign=1.0)&gt;" classname="dev.slimevr.unit.TwinExtendedBackTests" time="0.0"/>
  <testcase name="Dot product test for positive signs &lt;AngleTest(pitch=-27.0, sign=1.0)&gt;" classname="dev.slimevr.unit.TwinExtendedBackTests" time="0.001"/>
  <testcase name="Dot product test for positive signs &lt;AngleTest(pitch=-26.0, sign=1.0)&gt;" classname="dev.slimevr.unit.TwinExtendedBackTests" time="0.0"/>
  <testcase name="Dot product test for positive signs &lt;AngleTest(pitch=-25.0, sign=1.0)&gt;" classname="dev.slimevr.unit.TwinExtendedBackTests" time="0.0"/>
  <testcase name="Dot product test for positive signs &lt;AngleTest(pitch=-24.0, sign=1.0)&gt;" classname="dev.slimevr.unit.TwinExtendedBackTests" time="0.0"/>
  <testcase name="Dot product test for positive signs &lt;AngleTest(pitch=-23.0, sign=1.0)&gt;" classname="dev.slimevr.unit.TwinExtendedBackTests" time="0.0"/>
  <testcase name="Dot product test for positive signs &lt;AngleTest(pitch=-22.0, sign=1.0)&gt;" classname="dev.slimevr.unit.TwinExtendedBackTests" time="0.0"/>
  <testcase name="Dot product test for positive signs &lt;AngleTest(pitch=-21.0, sign=1.0)&gt;" classname="dev.slimevr.unit.TwinExtendedBackTests" time="0.0"/>
  <testcase name="Dot product test for positive signs &lt;AngleTest(pitch=-20.0, sign=1.0)&gt;" classname="dev.slimevr.unit.TwinExtendedBackTests" time="0.0"/>
  <testcase name="Dot product test for positive signs &lt;AngleTest(pitch=-19.0, sign=1.0)&gt;" classname="dev.slimevr.unit.TwinExtendedBackTests" time="0.0"/>
  <testcase name="Dot product test for positive signs &lt;AngleTest(pitch=-18.0, sign=1.0)&gt;" classname="dev.slimevr.unit.TwinExtendedBackTests" time="0.0"/>
  <testcase name="Dot product test for positive signs &lt;AngleTest(pitch=-17.0, sign=1.0)&gt;" classname="dev.slimevr.unit.TwinExtendedBackTests" time="0.0"/>
  <testcase name="Dot product test for positive signs &lt;AngleTest(pitch=-16.0, sign=1.0)&gt;" classname="dev.slimevr.unit.TwinExtendedBackTests" time="0.0"/>
  <testcase name="Dot product test for positive signs &lt;AngleTest(pitch=-15.0, sign=1.0)&gt;" classname="dev.slimevr.unit.TwinExtendedBackTests" time="0.0"/>
  <testcase name="Dot product test for positive signs &lt;AngleTest(pitch=-14.0, sign=1.0)&gt;" classname="dev.slimevr.unit.TwinExtendedBackTests" time="0.0"/>
  <testcase name="Dot product test for positive signs &lt;AngleTest(pitch=-13.0, sign=1.0)&gt;" classname="dev.slimevr.unit.TwinExtendedBackTests" time="0.0"/>
  <testcase name="Dot product test for positive signs &lt;AngleTest(pitch=-12.0, sign=1.0)&gt;" classname="dev.slimevr.unit.TwinExtendedBackTests" time="0.0"/>
  <testcase name="Dot product test for positive signs &lt;AngleTest(pitch=-11.0, sign=1.0)&gt;" classname="dev.slimevr.unit.TwinExtendedBackTests" time="0.0"/>
  <testcase name="Dot product test for positive signs &lt;AngleTest(pitch=-10.0, sign=1.0)&gt;" classname="dev.slimevr.unit.TwinExtendedBackTests" time="0.0"/>
  <testcase name="Dot product test for positive signs &lt;AngleTest(pitch=-9.0, sign=1.0)&gt;" classname="dev.slimevr.unit.TwinExtendedBackTests" time="0.0"/>
  <testcase name="Dot product test for positive signs &lt;AngleTest(pitch=-8.0, sign=1.0)&gt;" classname="dev.slimevr.unit.TwinExtendedBackTests" time="0.0"/>
  <testcase name="Dot product test for positive signs &lt;AngleTest(pitch=-7.0, sign=1.0)&gt;" classname="dev.slimevr.unit.TwinExtendedBackTests" time="0.0"/>
  <testcase name="Dot product test for positive signs &lt;AngleTest(pitch=-6.0, sign=1.0)&gt;" classname="dev.slimevr.unit.TwinExtendedBackTests" time="0.0"/>
  <testcase name="Dot product test for positive signs &lt;AngleTest(pitch=-5.0, sign=1.0)&gt;" classname="dev.slimevr.unit.TwinExtendedBackTests" time="0.0"/>
  <testcase name="Dot product test for positive signs &lt;AngleTest(pitch=-4.0, sign=1.0)&gt;" classname="dev.slimevr.unit.TwinExtendedBackTests" time="0.0"/>
  <testcase name="Dot product test for positive signs &lt;AngleTest(pitch=-3.0, sign=1.0)&gt;" classname="dev.slimevr.unit.TwinExtendedBackTests" time="0.0"/>
  <testcase name="Dot product test for positive signs &lt;AngleTest(pitch=-2.0, sign=1.0)&gt;" classname="dev.slimevr.unit.TwinExtendedBackTests" time="0.0"/>
  <testcase name="Dot product test for positive signs &lt;AngleTest(pitch=-1.0, sign=1.0)&gt;" classname="dev.slimevr.unit.TwinExtendedBackTests" time="0.0"/>
  <testcase name="Dot product test for positive signs &lt;AngleTest(pitch=0.0, sign=1.0)&gt;" classname="dev.slimevr.unit.TwinExtendedBackTests" time="0.0"/>
  <testcase name="Dot product test for positive signs &lt;AngleTest(pitch=1.0, sign=1.0)&gt;" classname="dev.slimevr.unit.TwinExtendedBackTests" time="0.0"/>
  <testcase name="Dot product test for positive signs &lt;AngleTest(pitch=2.0, sign=1.0)&gt;" classname="dev.slimevr.unit.TwinExtendedBackTests" time="0.0"/>
  <testcase name="Dot product test for positive signs &lt;AngleTest(pitch=3.0, sign=1.0)&gt;" classname="dev.slimevr.unit.TwinExtendedBackTests" time="0.0"/>
  <testcase name="Dot product test for positive signs &lt;AngleTest(pitch=4.0, sign=1.0)&gt;" classname="dev.slimevr.unit.TwinExtendedBackTests" time="0.0"/>
  <testcase name="Dot product test for positive signs &lt;AngleTest(pitch=5.0, sign=1.0)&gt;" classname="dev.slimevr.unit.TwinExtendedBackTests" time="0.0"/>
  <testcase name="Dot product test for positive signs &lt;AngleTest(pitch=6.0, sign=1.0)&gt;" classname="dev.slimevr.unit.TwinExtendedBackTests" time="0.0"/>
  <testcase name="Dot product test for positive signs &lt;AngleTest(pitch=7.0, sign=1.0)&gt;" classname="dev.slimevr.unit.TwinExtendedBackTests" time="0.0"/>
  <testcase name="Dot product test for positive signs &lt;AngleTest(pitch=8.0, sign=1.0)&gt;" classname="dev.slimevr.unit.TwinExtendedBackTests" time="0.0"/>
  <testcase name="Dot product test for positive signs &lt;AngleTest(pitch=9.0, sign=1.0)&gt;" classname="dev.slimevr.unit.TwinExtendedBackTests" time="0.0"/>
  <testcase name="Dot product test for positive signs &lt;AngleTest(pitch=10.0, sign=1.0)&gt;" classname="dev.slimevr.unit.TwinExtendedBackTests" time="0.0"/>
  <testcase name="Dot product test for positive signs &lt;AngleTest(pitch=11.0, sign=1.0)&gt;" classname="dev.slimevr.unit.TwinExtendedBackTests" time="0.0"/>
  <testcase name="Dot product test for positive signs &lt;AngleTest(pitch=12.0, sign=1.0)&gt;" classname="dev.slimevr.unit.TwinExtendedBackTests" time="0.0"/>
  <testcase name="Dot product test for positive signs &lt;AngleTest(pitch=13.0, sign=1.0)&gt;" classname="dev.slimevr.unit.TwinExtendedBackTests" time="0.0"/>
  <testcase name="Dot product test for positive signs &lt;AngleTest(pitch=14.0, sign=1.0)&gt;" classname="dev.slimevr.unit.TwinExtendedBackTests" time="0.0"/>
  <testcase name="Dot product test for positive signs &lt;AngleTest(pitch=15.0, sign=1.0)&gt;" classname="dev.slimevr.unit.TwinExtendedBackTests" time="0.0"/>
  <testcase name="Dot product test for positive signs &lt;AngleTest(pitch=16.0, sign=1.0)&gt;" classname="dev.slimevr.unit.TwinExtendedBackTests" time="0.0"/>
  <testcase name="Dot product test for positive signs &lt;AngleTest(pitch=17.0, sign=1.0)&gt;" classname="dev.slimevr.unit.TwinExtendedBackTests" time="0.0"/>
  <testcase name="Dot product test for positive signs &lt;AngleTest(pitch=18.0, sign=1.0)&gt;" classname="dev.slimevr.unit.TwinExtendedBackTests" time="0.0"/>
  <testcase name="Dot product test for positive signs &lt;AngleTest(pitch=19.0, sign=1.0)&gt;" classname="dev.slimevr.unit.TwinExtendedBackTests" time="0.0"/>
  <testcase name="Dot product test for positive signs &lt;AngleTest(pitch=20.0, sign=1.0)&gt;" classname="dev.slimevr.unit.TwinExtendedBackTests" time="0.0"/>
  <testcase name="Dot product test for positive signs &lt;AngleTest(pitch=21.0, sign=1.0)&gt;" classname="dev.slimevr.unit.TwinExtendedBackTests" time="0.0"/>
  <testcase name="Dot product test for positive signs &lt;AngleTest(pitch=22.0, sign=1.0)&gt;" classname="dev.slimevr.unit.TwinExtendedBackTests" time="0.0"/>
  <testcase name="Dot product test for positive signs &lt;AngleTest(pitch=23.0, sign=1.0)&gt;" classname="dev.slimevr.unit.TwinExtendedBackTests" time="0.0"/>
  <testcase name="Dot product test for positive signs &lt;AngleTest(pitch=24.0, sign=1.0)&gt;" classname="dev.slimevr.unit.TwinExtendedBackTests" time="0.0"/>
  <testcase name="Dot product test for positive signs &lt;AngleTest(pitch=25.0, sign=1.0)&gt;" classname="dev.slimevr.unit.TwinExtendedBackTests" time="0.0"/>
  <testcase name="Dot product test for positive signs &lt;AngleTest(pitch=26.0, sign=1.0)&gt;" classname="dev.slimevr.unit.TwinExtendedBackTests" time="0.0"/>
  <testcase name="Dot product test for positive signs &lt;AngleTest(pitch=27.0, sign=1.0)&gt;" classname="dev.slimevr.unit.TwinExtendedBackTests" time="0.0"/>
  <testcase name="Dot product test for positive signs &lt;AngleTest(pitch=28.0, sign=1.0)&gt;" classname="dev.slimevr.unit.TwinExtendedBackTests" time="0.0"/>
  <testcase name="Dot product test for positive signs &lt;AngleTest(pitch=29.0, sign=1.0)&gt;" classname="dev.slimevr.unit.TwinExtendedBackTests" time="0.0"/>
  <testcase name="Dot product test for positive signs &lt;AngleTest(pitch=30.0, sign=1.0)&gt;" classname="dev.slimevr.unit.TwinExtendedBackTests" time="0.0"/>
  <testcase name="Dot product test for positive signs &lt;AngleTest(pitch=31.0, sign=1.0)&gt;" classname="dev.slimevr.unit.TwinExtendedBackTests" time="0.0"/>
  <testcase name="Dot product test for positive signs &lt;AngleTest(pitch=32.0, sign=1.0)&gt;" classname="dev.slimevr.unit.TwinExtendedBackTests" time="0.0"/>
  <testcase name="Dot product test for positive signs &lt;AngleTest(pitch=33.0, sign=1.0)&gt;" classname="dev.slimevr.unit.TwinExtendedBackTests" time="0.0"/>
  <testcase name="Dot product test for positive signs &lt;AngleTest(pitch=34.0, sign=1.0)&gt;" classname="dev.slimevr.unit.TwinExtendedBackTests" time="0.0"/>
  <testcase name="Dot product test for positive signs &lt;AngleTest(pitch=35.0, sign=1.0)&gt;" classname="dev.slimevr.unit.TwinExtendedBackTests" time="0.0"/>
  <testcase name="Dot product test for positive signs &lt;AngleTest(pitch=36.0, sign=1.0)&gt;" classname="dev.slimevr.unit.TwinExtendedBackTests" time="0.0"/>
  <testcase name="Dot product test for positive signs &lt;AngleTest(pitch=37.0, sign=1.0)&gt;" classname="dev.slimevr.unit.TwinExtendedBackTests" time="0.0"/>
  <testcase name="Dot product test for positive signs &lt;AngleTest(pitch=38.0, sign=1.0)&gt;" classname="dev.slimevr.unit.TwinExtendedBackTests" time="0.0"/>
  <testcase name="Dot product test for positive signs &lt;AngleTest(pitch=39.0, sign=1.0)&gt;" classname="dev.slimevr.unit.TwinExtendedBackTests" time="0.0"/>
  <testcase name="Dot product test for positive signs &lt;AngleTest(pitch=40.0, sign=1.0)&gt;" classname="dev.slimevr.unit.TwinExtendedBackTests" time="0.0"/>
  <testcase name="Dot product test for positive signs &lt;AngleTest(pitch=41.0, sign=1.0)&gt;" classname="dev.slimevr.unit.TwinExtendedBackTests" time="0.0"/>
  <testcase name="Dot product test for positive signs &lt;AngleTest(pitch=42.0, sign=1.0)&gt;" classname="dev.slimevr.unit.TwinExtendedBackTests" time="0.0"/>
  <testcase name="Dot product test for positive signs &lt;AngleTest(pitch=43.0, sign=1.0)&gt;" classname="dev.slimevr.unit.TwinExtendedBackTests" time="0.0"/>
  <testcase name="Dot product test for positive signs &lt;AngleTest(pitch=44.0, sign=1.0)&gt;" classname="dev.slimevr.unit.TwinExtendedBackTests" time="0.0"/>
  <testcase name="Dot product test for positive signs &lt;AngleTest(pitch=45.0, sign=1.0)&gt;" classname="dev.slimevr.unit.TwinExtendedBackTests" time="0.0"/>
  <testcase name="Dot product test for positive signs &lt;AngleTest(pitch=46.0, sign=1.0)&gt;" classname="dev.slimevr.unit.TwinExtendedBackTests" time="0.0"/>
  <testcase name="Dot product test for positive signs &lt;AngleTest(pitch=47.0, sign=1.0)&gt;" classname="dev.slimevr.unit.TwinExtendedBackTests" time="0.0"/>
  <testcase name="Dot product test for positive signs &lt;AngleTest(pitch=48.0, sign=1.0)&gt;" classname="dev.slimevr.unit.TwinExtendedBackTests" time="0.0"/>
  <testcase name="Dot product test for positive signs &lt;AngleTest(pitch=49.0, sign=1.0)&gt;" classname="dev.slimevr.unit.TwinExtendedBackTests" time="0.0"/>
  <testcase name="Dot product test for positive signs &lt;AngleTest(pitch=50.0, sign=1.0)&gt;" classname="dev.slimevr.unit.TwinExtendedBackTests" time="0.0"/>
  <testcase name="Dot product test for positive signs &lt;AngleTest(pitch=51.0, sign=1.0)&gt;" classname="dev.slimevr.unit.TwinExtendedBackTests" time="0.0"/>
  <testcase name="Dot product test for positive signs &lt;AngleTest(pitch=52.0, sign=1.0)&gt;" classname="dev.slimevr.unit.TwinExtendedBackTests" time="0.0"/>
  <testcase name="Dot product test for positive signs &lt;AngleTest(pitch=53.0, sign=1.0)&gt;" classname="dev.slimevr.unit.TwinExtendedBackTests" time="0.0"/>
  <testcase name="Dot product test for positive signs &lt;AngleTest(pitch=54.0, sign=1.0)&gt;" classname="dev.slimevr.unit.TwinExtendedBackTests" time="0.0"/>
  <testcase name="Dot product test for positive signs &lt;AngleTest(pitch=55.0, sign=1.0)&gt;" classname="dev.slimevr.unit.TwinExtendedBackTests" time="0.0"/>
  <testcase name="Dot product test for positive signs &lt;AngleTest(pitch=56.0, sign=1.0)&gt;" classname="dev.slimevr.unit.TwinExtendedBackTests" time="0.0"/>
  <testcase name="Dot product test for positive signs &lt;AngleTest(pitch=57.0, sign=1.0)&gt;" classname="dev.slimevr.unit.TwinExtendedBackTests" time="0.0"/>
  <testcase name="Dot product test for positive signs &lt;AngleTest(pitch=58.0, sign=1.0)&gt;" classname="dev.slimevr.unit.TwinExtendedBackTests" time="0.0"/>
  <testcase name="Dot product test for positive signs &lt;AngleTest(pitch=59.0, sign=1.0)&gt;" classname="dev.slimevr.unit.TwinExtendedBackTests" time="0.0"/>
  <testcase name="Dot product test for positive signs &lt;AngleTest(pitch=60.0, sign=1.0)&gt;" classname="dev.slimevr.unit.TwinExtendedBackTests" time="0.0"/>
  <testcase name="Dot product test for positive signs &lt;AngleTest(pitch=61.0, sign=1.0)&gt;" classname="dev.slimevr.unit.TwinExtendedBackTests" time="0.0"/>
  <testcase name="Dot product test for positive signs &lt;AngleTest(pitch=62.0, sign=1.0)&gt;" classname="dev.slimevr.unit.TwinExtendedBackTests" time="0.0"/>
  <testcase name="Dot product test for positive signs &lt;AngleTest(pitch=63.0, sign=1.0)&gt;" classname="dev.slimevr.unit.TwinExtendedBackTests" time="0.001"/>
  <testcase name="Dot product test for positive signs &lt;AngleTest(pitch=64.0, sign=1.0)&gt;" classname="dev.slimevr.unit.TwinExtendedBackTests" time="0.0"/>
  <testcase name="Dot product test for positive signs &lt;AngleTest(pitch=65.0, sign=1.0)&gt;" classname="dev.slimevr.unit.TwinExtendedBackTests" time="0.0"/>
  <testcase name="Dot product test for positive signs &lt;AngleTest(pitch=66.0, sign=1.0)&gt;" classname="dev.slimevr.unit.TwinExtendedBackTests" time="0.0"/>
  <testcase name="Dot product test for positive signs &lt;AngleTest(pitch=67.0, sign=1.0)&gt;" classname="dev.slimevr.unit.TwinExtendedBackTests" time="0.0"/>
  <testcase name="Dot product test for positive signs &lt;AngleTest(pitch=68.0, sign=1.0)&gt;" classname="dev.slimevr.unit.TwinExtendedBackTests" time="0.0"/>
  <testcase name="Dot product test for positive signs &lt;AngleTest(pitch=69.0, sign=1.0)&gt;" classname="dev.slimevr.unit.TwinExtendedBackTests" time="0.0"/>
  <testcase name="Dot product test for positive signs &lt;AngleTest(pitch=70.0, sign=1.0)&gt;" classname="dev.slimevr.unit.TwinExtendedBackTests" time="0.0"/>
  <testcase name="Dot product test for positive signs &lt;AngleTest(pitch=71.0, sign=1.0)&gt;" classname="dev.slimevr.unit.TwinExtendedBackTests" time="0.0"/>
  <testcase name="Dot product test for positive signs &lt;AngleTest(pitch=72.0, sign=1.0)&gt;" classname="dev.slimevr.unit.TwinExtendedBackTests" time="0.0"/>
  <testcase name="Dot product test for positive signs &lt;AngleTest(pitch=73.0, sign=1.0)&gt;" classname="dev.slimevr.unit.TwinExtendedBackTests" time="0.0"/>
  <testcase name="Dot product test for positive signs &lt;AngleTest(pitch=74.0, sign=1.0)&gt;" classname="dev.slimevr.unit.TwinExtendedBackTests" time="0.0"/>
  <testcase name="Dot product test for positive signs &lt;AngleTest(pitch=75.0, sign=1.0)&gt;" classname="dev.slimevr.unit.TwinExtendedBackTests" time="0.001"/>
  <testcase name="Dot product test for positive signs &lt;AngleTest(pitch=76.0, sign=1.0)&gt;" classname="dev.slimevr.unit.TwinExtendedBackTests" time="0.0"/>
  <testcase name="Dot product test for positive signs &lt;AngleTest(pitch=77.0, sign=1.0)&gt;" classname="dev.slimevr.unit.TwinExtendedBackTests" time="0.0"/>
  <testcase name="Dot product test for positive signs &lt;AngleTest(pitch=78.0, sign=1.0)&gt;" classname="dev.slimevr.unit.TwinExtendedBackTests" time="0.0"/>
  <testcase name="Dot product test for positive signs &lt;AngleTest(pitch=79.0, sign=1.0)&gt;" classname="dev.slimevr.unit.TwinExtendedBackTests" time="0.0"/>
  <testcase name="Dot product test for positive signs &lt;AngleTest(pitch=80.0, sign=1.0)&gt;" classname="dev.slimevr.unit.TwinExtendedBackTests" time="0.0"/>
  <testcase name="Dot product test for positive signs &lt;AngleTest(pitch=81.0, sign=1.0)&gt;" classname="dev.slimevr.unit.TwinExtendedBackTests" time="0.0"/>
  <testcase name="Dot product test for positive signs &lt;AngleTest(pitch=82.0, sign=1.0)&gt;" classname="dev.slimevr.unit.TwinExtendedBackTests" time="0.0"/>
  <testcase name="Dot product test for positive signs &lt;AngleTest(pitch=83.0, sign=1.0)&gt;" classname="dev.slimevr.unit.TwinExtendedBackTests" time="0.0"/>
  <testcase name="Dot product test for positive signs &lt;AngleTest(pitch=84.0, sign=1.0)&gt;" classname="dev.slimevr.unit.TwinExtendedBackTests" time="0.0"/>
  <testcase name="Dot product test for positive signs &lt;AngleTest(pitch=85.0, sign=1.0)&gt;" classname="dev.slimevr.unit.TwinExtendedBackTests" time="0.0"/>
  <testcase name="Dot product test for positive signs &lt;AngleTest(pitch=86.0, sign=1.0)&gt;" classname="dev.slimevr.unit.TwinExtendedBackTests" time="0.0"/>
  <testcase name="Dot product test for positive signs &lt;AngleTest(pitch=87.0, sign=1.0)&gt;" classname="dev.slimevr.unit.TwinExtendedBackTests" time="0.0"/>
  <testcase name="Dot product test for positive signs &lt;AngleTest(pitch=88.0, sign=1.0)&gt;" classname="dev.slimevr.unit.TwinExtendedBackTests" time="0.0"/>
  <testcase name="Dot product test for positive signs &lt;AngleTest(pitch=89.0, sign=1.0)&gt;" classname="dev.slimevr.unit.TwinExtendedBackTests" time="0.0"/>
  <testcase name="Dot product test for positive signs &lt;AngleTest(pitch=90.0, sign=1.0)&gt;" classname="dev.slimevr.unit.TwinExtendedBackTests" time="0.0"/>
  <system-out><![CDATA[]]></system-out>
  <system-err><![CDATA[]]></system-err>
</testsuite>
