<?xml version="1.0" encoding="UTF-8"?>
<testsuite name="dev.slimevr.unit.TrackingPauseTests" tests="1" skipped="0" failures="0" errors="0" timestamp="2026-07-02T06:04:13.383Z" hostname="pradeep-ASUS-TUF" time="0.002">
  <properties/>
  <testcase name="testTrackingPause()" classname="dev.slimevr.unit.TrackingPauseTests" time="0.002"/>
  <system-out><![CDATA[]]></system-out>
  <system-err><![CDATA[11:34:13 [INFO] [HumanSkeleton] Reset: full (Unit Test)
11:34:13 [INFO] [HumanSkeleton] Reset: yaw (Unit Test)
11:34:13 [INFO] [HumanSkeleton] Pause tracking (Unit Test)
]]></system-err>
</testsuite>
